<?xml version="1.0" encoding="UTF-8"?>
<testsuite xmlns:xsi="http://www.w3.org/2001/XMLSchema-instance" xsi:noNamespaceSchemaLocation="https://maven.apache.org/surefire/maven-surefire-plugin/xsd/surefire-test-report-3.0.xsd" version="3.0" name="com.example.deviceapi.DeviceServiceTest" time="1.29" tests="8" errors="0" skipped="0" failures="0">
  <properties>
[...]
</properties>
  <testcase name="updateDevice_shouldUpdateFields_whenValid" classname="com.example.deviceapi.DeviceServiceTest" time="1.204">
    <system-out><![CDATA[22:06:44.019 [main] INFO com.example.deviceapi.service.DeviceService -- Updating device with ID 1
]]></system-out>
    <system-err><![CDATA[WARNING: A Java agent has been loaded dynamically (C:\Users\marco\.m2\repository\net\bytebuddy\byte-buddy-agent\1.14.9\byte-buddy-agent-1.14.9.jar)
WARNING: If a serviceability tool is in use, please run with -XX:+EnableDynamicAgentLoading to hide this warning
WARNING: If a serviceability tool is not in use, please run with -Djdk.instrument.traceUsage for more information
WARNING: Dynamic loading of agents will be disallowed by default in a future release
]]></system-err>
  </testcase>
  <testcase name="updateDevice_shouldThrowException_ifDeviceInUseWithRestrictedFields" classname="com.example.deviceapi.DeviceServiceTest" time="0.004">
    <system-out><![CDATA[22:06:44.076 [main] INFO com.example.deviceapi.service.DeviceService -- Updating device with ID 1
22:06:44.077 [main] WARN com.example.deviceapi.service.DeviceService -- Attempt to update name or brand of device in use - ID 1
]]></system-out>
  </testcase>
  <testcase name="deleteDevice_shouldThrowException_ifDeviceInUse" classname="com.example.deviceapi.DeviceServiceTest" time="0.003">
    <system-out><![CDATA[22:06:44.082 [main] INFO com.example.deviceapi.service.DeviceService -- Attempting to delete device with ID 1
22:06:44.083 [main] WARN com.example.deviceapi.service.DeviceService -- Attempt to delete device in use - ID 1
]]></system-out>
  </testcase>
  <testcase name="createDevice_shouldSaveAndMapSuccessfully" classname="com.example.deviceapi.DeviceServiceTest" time="0.006">
    <system-out><![CDATA[22:06:44.088 [main] INFO com.example.deviceapi.service.DeviceService -- Creating new device: name=Device A, brand=Brand X, state=AVAILABLE
]]></system-out>
  </testcase>
  <testcase name="deleteDevice_shouldRemoveDevice_whenAvailable" classname="com.example.deviceapi.DeviceServiceTest" time="0.014">
    <system-out><![CDATA[22:06:44.101 [main] INFO com.example.deviceapi.service.DeviceService -- Attempting to delete device with ID 1
22:06:44.101 [main] INFO com.example.deviceapi.service.DeviceService -- Device with ID 1 successfully deleted
]]></system-out>
  </testcase>
  <testcase name="getDevicesByState_shouldReturnFilteredList" classname="com.example.deviceapi.DeviceServiceTest" time="0.009">
    <system-out><![CDATA[22:06:44.110 [main] INFO com.example.deviceapi.service.DeviceService -- Fetching devices by state: AVAILABLE
]]></system-out>
  </testcase>
  <testcase name="getDeviceById_shouldReturnDevice_whenFound" classname="com.example.deviceapi.DeviceServiceTest" time="0.004">
    <system-out><![CDATA[22:06:44.121 [main] INFO com.example.deviceapi.service.DeviceService -- Fetching device with ID 1
]]></system-out>
  </testcase>
  <testcase name="getDevicesByBrand_shouldReturnFilteredList" classname="com.example.deviceapi.DeviceServiceTest" time="0.003">
    <system-out><![CDATA[22:06:44.124 [main] INFO com.example.deviceapi.service.DeviceService -- Fetching devices by brand: Brand X
]]></system-out>
  </testcase>
</testsuite>