<?xml version="1.0" encoding="UTF-8"?>
<testsuite xmlns:xsi="http://www.w3.org/2001/XMLSchema-instance" xsi:noNamespaceSchemaLocation="https://maven.apache.org/surefire/maven-failsafe-plugin/xsd/failsafe-test-report-3.0.xsd" version="3.0" name="com.example.deviceapi.controller.DeviceControllerIT" time="6.088" tests="6" errors="0" skipped="0" failures="0">
  <properties>
[...]
</properties>
  <testcase name="shouldReturn404WhenUpdatingNonExistentDevice" classname="com.example.deviceapi.controller.DeviceControllerIT" time="0.805">
    <system-out><![CDATA[Running tests with profile: null

  .   ____          _            __ _ _
 /\\ / ___'_ __ _ _(_)_ __  __ _ \ \ \ \
( ( )\___ | '_ | '_| | '_ \/ _` | \ \ \ \
 \\/  ___)| |_)| | | | | || (_| |  ) ) ) )
  '  |____| .__|_| |_|_| |_\__, | / / / /
 =========|_|==============|___/=/_/_/_/
 :: Spring Boot ::                (v3.2.0)

2025-06-12T22:06:47.031-03:00  INFO 14912 --- [           main] c.e.d.controller.DeviceControllerIT      : Starting DeviceControllerIT using Java 22.0.1 with PID 14912 (started by marco in C:\Users\marco\eclipse-workspace\device-api)
2025-06-12T22:06:47.032-03:00 DEBUG 14912 --- [           main] c.e.d.controller.DeviceControllerIT      : Running with Spring Boot v3.2.0, Spring v6.1.1
2025-06-12T22:06:47.033-03:00  INFO 14912 --- [           main] c.e.d.controller.DeviceControllerIT      : The following 1 profile is active: "test"
2025-06-12T22:06:47.920-03:00  INFO 14912 --- [           main] .s.d.r.c.RepositoryConfigurationDelegate : Bootstrapping Spring Data JPA repositories in DEFAULT mode.
2025-06-12T22:06:47.973-03:00  INFO 14912 --- [           main] .s.d.r.c.RepositoryConfigurationDelegate : Finished Spring Data repository scanning in 44 ms. Found 1 JPA repository interface.
2025-06-12T22:06:48.389-03:00  INFO 14912 --- [           main] com.zaxxer.hikari.HikariDataSource       : HikariPool-1 - Starting...
2025-06-12T22:06:48.576-03:00  INFO 14912 --- [           main] com.zaxxer.hikari.pool.HikariPool        : HikariPool-1 - Added connection conn0: url=jdbc:h2:mem:testdb user=SA
2025-06-12T22:06:48.579-03:00  INFO 14912 --- [           main] com.zaxxer.hikari.HikariDataSource       : HikariPool-1 - Start completed.
2025-06-12T22:06:48.747-03:00  INFO 14912 --- [           main] o.hibernate.jpa.internal.util.LogHelper  : HHH000204: Processing PersistenceUnitInfo [name: default]
2025-06-12T22:06:48.825-03:00  INFO 14912 --- [           main] org.hibernate.Version                    : HHH000412: Hibernate ORM core version 6.3.1.Final
2025-06-12T22:06:48.866-03:00  INFO 14912 --- [           main] o.h.c.internal.RegionFactoryInitiator    : HHH000026: Second-level cache disabled
2025-06-12T22:06:49.084-03:00  INFO 14912 --- [           main] o.s.o.j.p.SpringPersistenceUnitInfo      : No LoadTimeWeaver setup: ignoring JPA class transformer
2025-06-12T22:06:49.684-03:00  INFO 14912 --- [           main] o.h.e.t.j.p.i.JtaPlatformInitiator       : HHH000489: No JTA platform available (set 'hibernate.transaction.jta.platform' to enable JTA platform integration)
2025-06-12T22:06:49.686-03:00  INFO 14912 --- [           main] j.LocalContainerEntityManagerFactoryBean : Initialized JPA EntityManagerFactory for persistence unit 'default'
2025-06-12T22:06:50.077-03:00  INFO 14912 --- [           main] o.s.d.j.r.query.QueryEnhancerFactory     : Hibernate is in classpath; If applicable, HQL parser will be used.
2025-06-12T22:06:50.942-03:00  WARN 14912 --- [           main] JpaBaseConfiguration$JpaWebConfiguration : spring.jpa.open-in-view is enabled by default. Therefore, database queries may be performed during view rendering. Explicitly configure spring.jpa.open-in-view to disable this warning
2025-06-12T22:06:51.457-03:00  INFO 14912 --- [           main] o.s.b.t.m.w.SpringBootMockServletContext : Initializing Spring TestDispatcherServlet ''
2025-06-12T22:06:51.457-03:00  INFO 14912 --- [           main] o.s.t.web.servlet.TestDispatcherServlet  : Initializing Servlet ''
2025-06-12T22:06:51.459-03:00  INFO 14912 --- [           main] o.s.t.web.servlet.TestDispatcherServlet  : Completed initialization in 1 ms
2025-06-12T22:06:51.479-03:00  INFO 14912 --- [           main] c.e.d.controller.DeviceControllerIT      : Started DeviceControllerIT in 4.819 seconds (process running for 5.709)
2025-06-12T22:06:52.146-03:00  INFO 14912 --- [           main] c.e.d.controller.DeviceController        : PUT /api/v1/devices/9999 - updateDevice called with payload: DeviceUpdateRequest[name=DoesNotExist, brand=null, state=null]
2025-06-12T22:06:52.152-03:00  INFO 14912 --- [           main] c.e.deviceapi.service.DeviceService      : Updating device with ID 9999
2025-06-12T22:06:52.217-03:00 DEBUG 14912 --- [           main] org.hibernate.SQL                        : select d1_0.id,d1_0.brand,d1_0.creation_time,d1_0.name,d1_0.state,d1_0.version from devices d1_0 where d1_0.id=?
Hibernate: select d1_0.id,d1_0.brand,d1_0.creation_time,d1_0.name,d1_0.state,d1_0.version from devices d1_0 where d1_0.id=?
2025-06-12T22:06:52.235-03:00  WARN 14912 --- [           main] c.e.deviceapi.service.DeviceService      : Device with ID 9999 not found for update
]]></system-out>
    <system-err><![CDATA[WARNING: A Java agent has been loaded dynamically (C:\Users\marco\.m2\repository\net\bytebuddy\byte-buddy-agent\1.14.9\byte-buddy-agent-1.14.9.jar)
WARNING: If a serviceability tool is in use, please run with -XX:+EnableDynamicAgentLoading to hide this warning
WARNING: If a serviceability tool is not in use, please run with -Djdk.instrument.traceUsage for more information
WARNING: Dynamic loading of agents will be disallowed by default in a future release
]]></system-err>
  </testcase>
  <testcase name="shouldReturn409WhenDeletingDeviceInUse" classname="com.example.deviceapi.controller.DeviceControllerIT" time="0.019">
    <system-out><![CDATA[2025-06-12T22:06:52.304-03:00  INFO 14912 --- [           main] c.e.d.controller.DeviceController        : DELETE /api/v1/devices/2 - deleteDevice called
2025-06-12T22:06:52.305-03:00  INFO 14912 --- [           main] c.e.deviceapi.service.DeviceService      : Attempting to delete device with ID 2
2025-06-12T22:06:52.306-03:00 DEBUG 14912 --- [           main] org.hibernate.SQL                        : select d1_0.id,d1_0.brand,d1_0.creation_time,d1_0.name,d1_0.state,d1_0.version from devices d1_0 where d1_0.id=?
Hibernate: select d1_0.id,d1_0.brand,d1_0.creation_time,d1_0.name,d1_0.state,d1_0.version from devices d1_0 where d1_0.id=?
2025-06-12T22:06:52.316-03:00  WARN 14912 --- [           main] c.e.deviceapi.service.DeviceService      : Attempt to delete device in use - ID 2
]]></system-out>
  </testcase>
  <testcase name="shouldReturn409WhenUpdatingDeviceInUse" classname="com.example.deviceapi.controller.DeviceControllerIT" time="0.011">
    <system-out><![CDATA[2025-06-12T22:06:52.325-03:00  INFO 14912 --- [           main] c.e.d.controller.DeviceController        : PUT /api/v1/devices/2 - updateDevice called with payload: DeviceUpdateRequest[name=NewName, brand=NewBrand, state=null]
2025-06-12T22:06:52.325-03:00  INFO 14912 --- [           main] c.e.deviceapi.service.DeviceService      : Updating device with ID 2
2025-06-12T22:06:52.326-03:00 DEBUG 14912 --- [           main] org.hibernate.SQL                        : select d1_0.id,d1_0.brand,d1_0.creation_time,d1_0.name,d1_0.state,d1_0.version from devices d1_0 where d1_0.id=?
Hibernate: select d1_0.id,d1_0.brand,d1_0.creation_time,d1_0.name,d1_0.state,d1_0.version from devices d1_0 where d1_0.id=?
2025-06-12T22:06:52.327-03:00  WARN 14912 --- [           main] c.e.deviceapi.service.DeviceService      : Attempt to update name or brand of device in use - ID 2
]]></system-out>
  </testcase>
  <testcase name="shouldUpdateDeviceSuccessfully" classname="com.example.deviceapi.controller.DeviceControllerIT" time="0.049">
    <system-out><![CDATA[2025-06-12T22:06:52.339-03:00  INFO 14912 --- [           main] c.e.d.controller.DeviceController        : PUT /api/v1/devices/1 - updateDevice called with payload: DeviceUpdateRequest[name=Updated Device, brand=Brand Updated, state=null]
2025-06-12T22:06:52.339-03:00  INFO 14912 --- [           main] c.e.deviceapi.service.DeviceService      : Updating device with ID 1
2025-06-12T22:06:52.340-03:00 DEBUG 14912 --- [           main] org.hibernate.SQL                        : select d1_0.id,d1_0.brand,d1_0.creation_time,d1_0.name,d1_0.state,d1_0.version from devices d1_0 where d1_0.id=?
Hibernate: select d1_0.id,d1_0.brand,d1_0.creation_time,d1_0.name,d1_0.state,d1_0.version from devices d1_0 where d1_0.id=?
2025-06-12T22:06:52.348-03:00 DEBUG 14912 --- [           main] c.e.deviceapi.service.DeviceService      : Device updated: ID=1, version=0
2025-06-12T22:06:52.369-03:00 DEBUG 14912 --- [           main] org.hibernate.SQL                        : update devices set brand=?,name=?,state=?,version=? where id=? and version=?
Hibernate: update devices set brand=?,name=?,state=?,version=? where id=? and version=?
2025-06-12T22:06:52.375-03:00 DEBUG 14912 --- [           main] org.hibernate.SQL                        : select version as version_ from devices where id=?
Hibernate: select version as version_ from devices where id=?
]]></system-out>
  </testcase>
  <testcase name="shouldDeleteDeviceSuccessfully" classname="com.example.deviceapi.controller.DeviceControllerIT" time="0.017">
    <system-out><![CDATA[2025-06-12T22:06:52.385-03:00  INFO 14912 --- [           main] c.e.d.controller.DeviceController        : DELETE /api/v1/devices/1 - deleteDevice called
2025-06-12T22:06:52.385-03:00  INFO 14912 --- [           main] c.e.deviceapi.service.DeviceService      : Attempting to delete device with ID 1
2025-06-12T22:06:52.386-03:00 DEBUG 14912 --- [           main] org.hibernate.SQL                        : select d1_0.id,d1_0.brand,d1_0.creation_time,d1_0.name,d1_0.state,d1_0.version from devices d1_0 where d1_0.id=?
Hibernate: select d1_0.id,d1_0.brand,d1_0.creation_time,d1_0.name,d1_0.state,d1_0.version from devices d1_0 where d1_0.id=?
2025-06-12T22:06:52.395-03:00  INFO 14912 --- [           main] c.e.deviceapi.service.DeviceService      : Device with ID 1 successfully deleted
2025-06-12T22:06:52.396-03:00 DEBUG 14912 --- [           main] org.hibernate.SQL                        : delete from devices where id=? and version=?
Hibernate: delete from devices where id=? and version=?
]]></system-out>
  </testcase>
  <testcase name="shouldReturn404WhenDeletingNonExistentDevice" classname="com.example.deviceapi.controller.DeviceControllerIT" time="0.006">
    <system-out><![CDATA[2025-06-12T22:06:52.402-03:00  INFO 14912 --- [           main] c.e.d.controller.DeviceController        : DELETE /api/v1/devices/9999 - deleteDevice called
2025-06-12T22:06:52.403-03:00  INFO 14912 --- [           main] c.e.deviceapi.service.DeviceService      : Attempting to delete device with ID 9999
2025-06-12T22:06:52.404-03:00 DEBUG 14912 --- [           main] org.hibernate.SQL                        : select d1_0.id,d1_0.brand,d1_0.creation_time,d1_0.name,d1_0.state,d1_0.version from devices d1_0 where d1_0.id=?
Hibernate: select d1_0.id,d1_0.brand,d1_0.creation_time,d1_0.name,d1_0.state,d1_0.version from devices d1_0 where d1_0.id=?
2025-06-12T22:06:52.404-03:00  WARN 14912 --- [           main] c.e.deviceapi.service.DeviceService      : Device with ID 9999 not found for deletion
]]></system-out>
  </testcase>
</testsuite>